{
  "stats": {
    "suites": 1,
    "tests": 1,
    "passes": 1,
    "pending": 0,
    "failures": 0,
    "start": "2025-06-27T14:19:11.575Z",
    "end": "2025-06-27T14:19:25.067Z",
    "duration": 13492,
    "testsRegistered": 1,
    "passPercent": 100,
    "pendingPercent": 0,
    "other": 0,
    "hasOther": false,
    "skipped": 0,
    "hasSkipped": false
  },
  "results": [
    {
      "uuid": "deacaf87-2e5b-4844-b869-a4389ab041ae",
      "title": "",
      "fullFile": "C:\\xampp\\htdocs\\Test-Tech-Stack\\tests\\test-sort.js",
      "file": "\\tests\\test-sort.js",
      "beforeHooks": [],
      "afterHooks": [],
      "tests": [],
      "suites": [
        {
          "uuid": "337be202-b067-45fa-8069-4653dd26f62b",
          "title": "SauceDemo Test - Login and Sort A-Z",
          "fullFile": "C:\\xampp\\htdocs\\Test-Tech-Stack\\tests\\test-sort.js",
          "file": "\\tests\\test-sort.js",
          "beforeHooks": [
            {
              "title": "\"before all\" hook in \"SauceDemo Test - Login and Sort A-Z\"",
              "fullTitle": "SauceDemo Test - Login and Sort A-Z \"before all\" hook in \"SauceDemo Test - Login and Sort A-Z\"",
              "timedOut": false,
              "duration": 6414,
              "state": null,
              "speed": null,
              "pass": false,
              "fail": false,
              "pending": false,
              "context": null,
              "code": "driver = await new Builder().forBrowser('firefox').build();",
              "err": {},
              "uuid": "2dde6ffe-308e-4452-a088-f585f26923ab",
              "parentUUID": "337be202-b067-45fa-8069-4653dd26f62b",
              "isHook": true,
              "skipped": false
            }
          ],
          "afterHooks": [
            {
              "title": "\"after all\" hook in \"SauceDemo Test - Login and Sort A-Z\"",
              "fullTitle": "SauceDemo Test - Login and Sort A-Z \"after all\" hook in \"SauceDemo Test - Login and Sort A-Z\"",
              "timedOut": false,
              "duration": 1476,
              "state": null,
              "speed": null,
              "pass": false,
              "fail": false,
              "pending": false,
              "context": null,
              "code": "await driver.quit();",
              "err": {},
              "uuid": "3eb57beb-90cd-4f8b-9be7-20bd2b0fafc9",
              "parentUUID": "337be202-b067-45fa-8069-4653dd26f62b",
              "isHook": true,
              "skipped": false
            }
          ],
          "tests": [
            {
              "title": "should login successfully and sort products A-Z",
              "fullTitle": "SauceDemo Test - Login and Sort A-Z should login successfully and sort products A-Z",
              "timedOut": false,
              "duration": 5593,
              "state": "passed",
              "speed": "slow",
              "pass": true,
              "fail": false,
              "pending": false,
              "context": null,
              "code": "await driver.get('https://www.saucedemo.com');\nawait driver.findElement(By.id('user-name')).sendKeys('standard_user');\nawait driver.findElement(By.id('password')).sendKeys('secret_sauce');\nawait driver.findElement(By.id('login-button')).click();\nawait driver.wait(until.urlContains('inventory.html'), 10000);\nawait driver.wait(until.elementLocated(By.className('inventory_list')), 10000);\ndriver.takeScreenshot().then(function(data){\n    fs.writeFileSync('screenshot.png', data, 'base64');\n});\nconst currentUrl = await driver.getCurrentUrl();\nassert.ok(currentUrl.includes('inventory.html'), 'Login failed and the User was not redirected to inventory page');\nconst sortDropdown = await driver.findElement(By.css('[data-test=\"product-sort-container\"]'));\nassert.strictEqual(await sortDropdown.isDisplayed(), true, 'The Sorting Dropdown is not visible');\nconst select = new Select(sortDropdown); \nawait select.selectByVisibleText('Name (A to Z)');\nawait driver.wait(async () => {\n    const firstItem = await driver.findElement(By.css('.inventory_item_name')).getText();\n    return firstItem === 'Sauce Labs Backpack';\n}, 5000);\nconst nameElements = await driver.findElements(By.className('inventory_item_name'));\nconst productNames = [];\nfor (let el of nameElements) {\n    productNames.push(await el.getText());\n}\nconst sortedNames = [...productNames].sort();\nassert.deepStrictEqual(productNames, sortedNames, 'Products are not sorted from A to Z');",
              "err": {},
              "uuid": "77b23330-023d-4c12-8a50-5ba2f6c4f781",
              "parentUUID": "337be202-b067-45fa-8069-4653dd26f62b",
              "isHook": false,
              "skipped": false
            }
          ],
          "suites": [],
          "passes": [
            "77b23330-023d-4c12-8a50-5ba2f6c4f781"
          ],
          "failures": [],
          "pending": [],
          "skipped": [],
          "duration": 5593,
          "root": false,
          "rootEmpty": false,
          "_timeout": 30000
        }
      ],
      "passes": [],
      "failures": [],
      "pending": [],
      "skipped": [],
      "duration": 0,
      "root": true,
      "rootEmpty": true,
      "_timeout": 60000
    }
  ],
  "meta": {
    "mocha": {
      "version": "10.8.2"
    },
    "mochawesome": {
      "options": {
        "quiet": false,
        "reportFilename": "mochawesome",
        "saveHtml": true,
        "saveJson": true,
        "consoleReporter": "spec",
        "useInlineDiffs": false,
        "code": true
      },
      "version": "7.1.3"
    },
    "marge": {
      "options": null,
      "version": "6.2.0"
    }
  }
}